<?xml version="1.0" encoding="UTF-8"?>
<!-- Generated by org.testng.reporters.JUnitReportReporter -->
<testsuite hostname="UtpalLade" failures="0" tests="1" name="pom.Orange_hrm.test.T002_AddPIM" time="14.032" errors="0" timestamp="2024-06-22T13:30:58 IST" skipped="0">
  <testcase classname="pom.Orange_hrm.test.T002_AddPIM" name="AddPIM" time="14.032"/>
</testsuite> <!-- pom.Orange_hrm.test.T002_AddPIM -->
